  Tunnel.cpp
  Title.cpp
  System.cpp
d:\code\git\_game_molecatch\01_myproject\system.cpp(34): warning C4302: '형식 캐스팅': 'LPWSTR'에서 'WORD'(으)로 잘립니다.
d:\code\git\_game_molecatch\01_myproject\system.cpp(35): warning C4302: '형식 캐스팅': 'LPWSTR'에서 'WORD'(으)로 잘립니다.
  Start.cpp
  Help.cpp
  Graphics.cpp
d:\code\git\_game_molecatch\01_myproject\graphics.cpp(193): warning C4018: '<': signed 또는 unsigned가 일치하지 않습니다.
d:\code\git\_game_molecatch\01_myproject\graphics.cpp(199): warning C4018: '<': signed 또는 unsigned가 일치하지 않습니다.
d:\code\git\_game_molecatch\01_myproject\graphics.cpp(207): warning C4244: '=': 'double'에서 'BYTE'(으)로 변환하면서 데이터가 손실될 수 있습니다.
d:\code\git\_game_molecatch\01_myproject\graphics.cpp(208): warning C4244: '=': 'double'에서 'BYTE'(으)로 변환하면서 데이터가 손실될 수 있습니다.
d:\code\git\_game_molecatch\01_myproject\graphics.cpp(209): warning C4244: '=': 'double'에서 'BYTE'(으)로 변환하면서 데이터가 손실될 수 있습니다.
d:\code\git\_game_molecatch\01_myproject\graphics.cpp(218): warning C4244: '초기화 중': 'double'에서 'UINT'(으)로 변환하면서 데이터가 손실될 수 있습니다.
  GameOver.cpp
  Callback.cpp
  Button.cpp
  코드를 생성하고 있습니다...
  01_MyProject.vcxproj -> D:\Code\Git\_Game_MoleCatch\Debug\01_MyProject.exe
  01_MyProject.vcxproj -> D:\Code\Git\_Game_MoleCatch\Debug\01_MyProject.pdb (Full PDB)
